This is pdfTeXk, Version 3.1415926-1.40.9 (Web2C 7.5.7) (format=pdflatex 2010.1.25)  26 JAN 2010 16:55
entering extended mode
 file:line:error style messages enabled.
 %&-line parsing enabled.
**[Kiwi-MGC]piano_prove.tex
(./[Kiwi-MGC]piano_prove.tex
LaTeX2e <2005/12/01>
Babel <v3.8l> and hyphenation patterns for english, usenglishmax, dumylang, noh
yphenation, german-x-2008-06-18, ngerman-x-2008-06-18, ancientgreek, ibycus, ar
abic, basque, bulgarian, catalan, pinyin, coptic, croatian, czech, danish, dutc
h, esperanto, estonian, farsi, finnish, french, galician, german, ngerman, mono
greek, greek, hungarian, icelandic, indonesian, interlingua, irish, italian, la
tin, mongolian, mongolian2a, bokmal, nynorsk, polish, portuguese, romanian, rus
sian, sanskrit, serbian, slovak, slovenian, spanish, swedish, turkish, ukenglis
h, ukrainian, uppersorbian, welsh, loaded.
(/usr/local/texlive/2008/texmf-dist/tex/latex/base/report.cls
Document Class: report 2005/09/16 v1.4f Standard LaTeX document class
(/usr/local/texlive/2008/texmf-dist/tex/latex/base/size12.clo
File: size12.clo 2005/09/16 v1.4f Standard LaTeX file (size option)
)
\c@part=\count79
\c@chapter=\count80
\c@section=\count81
\c@subsection=\count82
\c@subsubsection=\count83
\c@paragraph=\count84
\c@subparagraph=\count85
\c@figure=\count86
\c@table=\count87
\abovecaptionskip=\skip41
\belowcaptionskip=\skip42
\bibindent=\dimen102
)
(../templates/[Kiwi-MGC]template-usePackages.tex
(/usr/local/texlive/2008/texmf-dist/tex/latex/psnfss/charter.sty
Package: charter 2005/04/12 PSNFSS-v9.2a (P.Dyballa) 
)
(/usr/local/texlive/2008/texmf-dist/tex/latex/base/makeidx.sty
Package: makeidx 2000/03/29 v1.0m Standard LaTeX package
)
(/usr/local/texlive/2008/texmf-dist/tex/latex/fancyhdr/fancyhdr.sty
\fancy@headwidth=\skip43
\f@ncyO@elh=\skip44
\f@ncyO@erh=\skip45
\f@ncyO@olh=\skip46
\f@ncyO@orh=\skip47
\f@ncyO@elf=\skip48
\f@ncyO@erf=\skip49
\f@ncyO@olf=\skip50
\f@ncyO@orf=\skip51
)
(/usr/local/texlive/2008/texmf-dist/tex/latex/hyperref/hyperref.sty
Package: hyperref 2008/08/14 v6.78f Hypertext links for LaTeX

(/usr/local/texlive/2008/texmf-dist/tex/latex/graphics/keyval.sty
Package: keyval 1999/03/16 v1.13 key=value parser (DPC)
\KV@toks@=\toks14
)
(/usr/local/texlive/2008/texmf-dist/tex/generic/oberdiek/ifpdf.sty
Package: ifpdf 2007/12/12 v1.6 Provides the ifpdf switch (HO)
Package ifpdf Info: pdfTeX in pdf mode detected.
)
(/usr/local/texlive/2008/texmf-dist/tex/generic/oberdiek/ifvtex.sty
Package: ifvtex 2007/09/09 v1.3 Switches for detecting VTeX and its modes (HO)
Package ifvtex Info: VTeX not detected.
)
(/usr/local/texlive/2008/texmf-dist/tex/generic/ifxetex/ifxetex.sty
Package: ifxetex 2006/08/21 v0.3 Provides ifxetex conditional
)
(/usr/local/texlive/2008/texmf-dist/tex/latex/oberdiek/hycolor.sty
Package: hycolor 2008/08/01 v1.3 Code for color options of hyperref/bookmark (H
O)

(/usr/local/texlive/2008/texmf-dist/tex/latex/oberdiek/xcolor-patch.sty
Package: xcolor-patch 2008/08/01 xcolor patch
))
\@linkdim=\dimen103
\Hy@linkcounter=\count88
\Hy@pagecounter=\count89

(/usr/local/texlive/2008/texmf-dist/tex/latex/hyperref/pd1enc.def
File: pd1enc.def 2008/08/14 v6.78f Hyperref: PDFDocEncoding definition (HO)
)
(/usr/local/texlive/2008/texmf-dist/tex/generic/oberdiek/etexcmds.sty
Package: etexcmds 2007/12/12 v1.2 Prefix for e-TeX command names (HO)

(/usr/local/texlive/2008/texmf-dist/tex/generic/oberdiek/infwarerr.sty
Package: infwarerr 2007/09/09 v1.2 Providing info/warning/message (HO)
)
Package etexcmds Info: Could not find \expanded.
(etexcmds)             That can mean that you are not using pdfTeX 1.50 or
(etexcmds)             that some package has redefined \expanded.
(etexcmds)             In the latter case, load this package earlier.
)
(/usr/local/texlive/2008/texmf/tex/latex/config/hyperref.cfg
File: hyperref.cfg 2002/06/06 v1.2 hyperref configuration of TeXLive
)
(/usr/local/texlive/2008/texmf-dist/tex/latex/oberdiek/kvoptions.sty
Package: kvoptions 2007/10/18 v3.0 Keyval support for LaTeX options (HO)
)
Package hyperref Info: Hyper figures OFF on input line 2876.
Package hyperref Info: Link nesting OFF on input line 2881.
Package hyperref Info: Hyper index ON on input line 2884.
Package hyperref Info: Plain pages OFF on input line 2891.
Package hyperref Info: Backreferencing OFF on input line 2896.

Implicit mode ON; LaTeX internals redefined
Package hyperref Info: Bookmarks ON on input line 3086.
(/usr/local/texlive/2008/texmf-dist/tex/latex/ltxmisc/url.sty
\Urlmuskip=\muskip10
Package: url 2006/04/12  ver 3.3  Verb mode for urls, etc.
)
LaTeX Info: Redefining \url on input line 3272.

(/usr/local/texlive/2008/texmf-dist/tex/generic/oberdiek/bitset.sty
Package: bitset 2007/09/28 v1.0 Data type bit set (HO)

(/usr/local/texlive/2008/texmf-dist/tex/generic/oberdiek/intcalc.sty
Package: intcalc 2007/09/27 v1.1 Expandable integer calculations (HO)
)
(/usr/local/texlive/2008/texmf-dist/tex/generic/oberdiek/bigintcalc.sty
Package: bigintcalc 2007/11/11 v1.1 Expandable big integer calculations (HO)

(/usr/local/texlive/2008/texmf-dist/tex/generic/oberdiek/pdftexcmds.sty
Package: pdftexcmds 2007/12/12 v0.3 LuaTeX support for pdfTeX utility functions
 (HO)
Package pdftexcmds Info: LuaTeX not detected on input line 139.
)))
(/usr/local/texlive/2008/texmf-dist/tex/generic/oberdiek/kvsetkeys.sty
Package: kvsetkeys 2007/09/29 v1.3 Key value parser with default handler suppor
t (HO)
)
\Fld@menulength=\count90
\Field@Width=\dimen104
\Fld@charsize=\dimen105
\Field@toks=\toks15
Package hyperref Info: Hyper figures OFF on input line 4189.
Package hyperref Info: Link nesting OFF on input line 4194.
Package hyperref Info: Hyper index ON on input line 4197.
Package hyperref Info: backreferencing OFF on input line 4204.
Package hyperref Info: Link coloring OFF on input line 4209.
Package hyperref Info: Link coloring with OCG OFF on input line 4214.
Package hyperref Info: PDF/A mode OFF on input line 4219.

(/usr/local/texlive/2008/texmf-dist/tex/generic/oberdiek/atbegshi.sty
Package: atbegshi 2008/07/31 v1.9 At begin shipout hook (HO)
)
\Hy@abspage=\count91
\c@Item=\count92
\c@Hfootnote=\count93
)
*hyperref using default driver hpdftex*
(/usr/local/texlive/2008/texmf-dist/tex/latex/hyperref/hpdftex.def
File: hpdftex.def 2008/08/14 v6.78f Hyperref driver for pdfTeX
\Fld@listcount=\count94
)
(/usr/local/texlive/2008/texmf-dist/tex/latex/base/inputenc.sty
Package: inputenc 2006/05/05 v1.1b Input encoding file
\inpenc@prehook=\toks16
\inpenc@posthook=\toks17

(/usr/local/texlive/2008/texmf-dist/tex/latex/base/utf8.def
File: utf8.def 2006/03/30 v1.1i UTF-8 support for inputenc
Now handling font encoding OML ...
... no UTF-8 mapping file for font encoding OML
Now handling font encoding T1 ...
... processing UTF-8 mapping file for font encodingT1

(/usr/local/texlive/2008/texmf-dist/tex/latex/base/t1enc.dfu
File: t1enc.dfu 2006/03/30 v1.1i UTF-8 support for inputenc
   defining Unicode char U+00A1 (decimal 161)
   defining Unicode char U+00A3 (decimal 163)
   defining Unicode char U+00AB (decimal 171)
   defining Unicode char U+00BB (decimal 187)
   defining Unicode char U+00BF (decimal 191)
   defining Unicode char U+00C0 (decimal 192)
   defining Unicode char U+00C1 (decimal 193)
   defining Unicode char U+00C2 (decimal 194)
   defining Unicode char U+00C3 (decimal 195)
   defining Unicode char U+00C4 (decimal 196)
   defining Unicode char U+00C5 (decimal 197)
   defining Unicode char U+00C6 (decimal 198)
   defining Unicode char U+00C7 (decimal 199)
   defining Unicode char U+00C8 (decimal 200)
   defining Unicode char U+00C9 (decimal 201)
   defining Unicode char U+00CA (decimal 202)
   defining Unicode char U+00CB (decimal 203)
   defining Unicode char U+00CC (decimal 204)
   defining Unicode char U+00CD (decimal 205)
   defining Unicode char U+00CE (decimal 206)
   defining Unicode char U+00CF (decimal 207)
   defining Unicode char U+00D0 (decimal 208)
   defining Unicode char U+00D1 (decimal 209)
   defining Unicode char U+00D2 (decimal 210)
   defining Unicode char U+00D3 (decimal 211)
   defining Unicode char U+00D4 (decimal 212)
   defining Unicode char U+00D5 (decimal 213)
   defining Unicode char U+00D6 (decimal 214)
   defining Unicode char U+00D8 (decimal 216)
   defining Unicode char U+00D9 (decimal 217)
   defining Unicode char U+00DA (decimal 218)
   defining Unicode char U+00DB (decimal 219)
   defining Unicode char U+00DC (decimal 220)
   defining Unicode char U+00DD (decimal 221)
   defining Unicode char U+00DE (decimal 222)
   defining Unicode char U+00DF (decimal 223)
   defining Unicode char U+00E0 (decimal 224)
   defining Unicode char U+00E1 (decimal 225)
   defining Unicode char U+00E2 (decimal 226)
   defining Unicode char U+00E3 (decimal 227)
   defining Unicode char U+00E4 (decimal 228)
   defining Unicode char U+00E5 (decimal 229)
   defining Unicode char U+00E6 (decimal 230)
   defining Unicode char U+00E7 (decimal 231)
   defining Unicode char U+00E8 (decimal 232)
   defining Unicode char U+00E9 (decimal 233)
   defining Unicode char U+00EA (decimal 234)
   defining Unicode char U+00EB (decimal 235)
   defining Unicode char U+00EC (decimal 236)
   defining Unicode char U+00ED (decimal 237)
   defining Unicode char U+00EE (decimal 238)
   defining Unicode char U+00EF (decimal 239)
   defining Unicode char U+00F0 (decimal 240)
   defining Unicode char U+00F1 (decimal 241)
   defining Unicode char U+00F2 (decimal 242)
   defining Unicode char U+00F3 (decimal 243)
   defining Unicode char U+00F4 (decimal 244)
   defining Unicode char U+00F5 (decimal 245)
   defining Unicode char U+00F6 (decimal 246)
   defining Unicode char U+00F8 (decimal 248)
   defining Unicode char U+00F9 (decimal 249)
   defining Unicode char U+00FA (decimal 250)
   defining Unicode char U+00FB (decimal 251)
   defining Unicode char U+00FC (decimal 252)
   defining Unicode char U+00FD (decimal 253)
   defining Unicode char U+00FE (decimal 254)
   defining Unicode char U+00FF (decimal 255)
   defining Unicode char U+0102 (decimal 258)
   defining Unicode char U+0103 (decimal 259)
   defining Unicode char U+0104 (decimal 260)
   defining Unicode char U+0105 (decimal 261)
   defining Unicode char U+0106 (decimal 262)
   defining Unicode char U+0107 (decimal 263)
   defining Unicode char U+010C (decimal 268)
   defining Unicode char U+010D (decimal 269)
   defining Unicode char U+010E (decimal 270)
   defining Unicode char U+010F (decimal 271)
   defining Unicode char U+0110 (decimal 272)
   defining Unicode char U+0111 (decimal 273)
   defining Unicode char U+0118 (decimal 280)
   defining Unicode char U+0119 (decimal 281)
   defining Unicode char U+011A (decimal 282)
   defining Unicode char U+011B (decimal 283)
   defining Unicode char U+011E (decimal 286)
   defining Unicode char U+011F (decimal 287)
   defining Unicode char U+0130 (decimal 304)
   defining Unicode char U+0131 (decimal 305)
   defining Unicode char U+0132 (decimal 306)
   defining Unicode char U+0133 (decimal 307)
   defining Unicode char U+0139 (decimal 313)
   defining Unicode char U+013A (decimal 314)
   defining Unicode char U+013D (decimal 317)
   defining Unicode char U+013E (decimal 318)
   defining Unicode char U+0141 (decimal 321)
   defining Unicode char U+0142 (decimal 322)
   defining Unicode char U+0143 (decimal 323)
   defining Unicode char U+0144 (decimal 324)
   defining Unicode char U+0147 (decimal 327)
   defining Unicode char U+0148 (decimal 328)
   defining Unicode char U+014A (decimal 330)
   defining Unicode char U+014B (decimal 331)
   defining Unicode char U+0150 (decimal 336)
   defining Unicode char U+0151 (decimal 337)
   defining Unicode char U+0152 (decimal 338)
   defining Unicode char U+0153 (decimal 339)
   defining Unicode char U+0154 (decimal 340)
   defining Unicode char U+0155 (decimal 341)
   defining Unicode char U+0158 (decimal 344)
   defining Unicode char U+0159 (decimal 345)
   defining Unicode char U+015A (decimal 346)
   defining Unicode char U+015B (decimal 347)
   defining Unicode char U+015E (decimal 350)
   defining Unicode char U+015F (decimal 351)
   defining Unicode char U+0160 (decimal 352)
   defining Unicode char U+0161 (decimal 353)
   defining Unicode char U+0162 (decimal 354)
   defining Unicode char U+0163 (decimal 355)
   defining Unicode char U+0164 (decimal 356)
   defining Unicode char U+0165 (decimal 357)
   defining Unicode char U+016E (decimal 366)
   defining Unicode char U+016F (decimal 367)
   defining Unicode char U+0170 (decimal 368)
   defining Unicode char U+0171 (decimal 369)
   defining Unicode char U+0178 (decimal 376)
   defining Unicode char U+0179 (decimal 377)
   defining Unicode char U+017A (decimal 378)
   defining Unicode char U+017B (decimal 379)
   defining Unicode char U+017C (decimal 380)
   defining Unicode char U+017D (decimal 381)
   defining Unicode char U+017E (decimal 382)
   defining Unicode char U+200C (decimal 8204)
   defining Unicode char U+2013 (decimal 8211)
   defining Unicode char U+2014 (decimal 8212)
   defining Unicode char U+2018 (decimal 8216)
   defining Unicode char U+2019 (decimal 8217)
   defining Unicode char U+201A (decimal 8218)
   defining Unicode char U+201C (decimal 8220)
   defining Unicode char U+201D (decimal 8221)
   defining Unicode char U+201E (decimal 8222)
   defining Unicode char U+2030 (decimal 8240)
   defining Unicode char U+2031 (decimal 8241)
   defining Unicode char U+2039 (decimal 8249)
   defining Unicode char U+203A (decimal 8250)
   defining Unicode char U+2423 (decimal 9251)
)
Now handling font encoding OT1 ...
... processing UTF-8 mapping file for font encodingOT1

(/usr/local/texlive/2008/texmf-dist/tex/latex/base/ot1enc.dfu
File: ot1enc.dfu 2006/03/30 v1.1i UTF-8 support for inputenc
   defining Unicode char U+00A1 (decimal 161)
   defining Unicode char U+00A3 (decimal 163)
   defining Unicode char U+00B8 (decimal 184)
   defining Unicode char U+00BF (decimal 191)
   defining Unicode char U+00C5 (decimal 197)
   defining Unicode char U+00C6 (decimal 198)
   defining Unicode char U+00D8 (decimal 216)
   defining Unicode char U+00DF (decimal 223)
   defining Unicode char U+00E6 (decimal 230)
   defining Unicode char U+00EC (decimal 236)
   defining Unicode char U+00ED (decimal 237)
   defining Unicode char U+00EE (decimal 238)
   defining Unicode char U+00EF (decimal 239)
   defining Unicode char U+00F8 (decimal 248)
   defining Unicode char U+0131 (decimal 305)
   defining Unicode char U+0141 (decimal 321)
   defining Unicode char U+0142 (decimal 322)
   defining Unicode char U+0152 (decimal 338)
   defining Unicode char U+0153 (decimal 339)
   defining Unicode char U+2013 (decimal 8211)
   defining Unicode char U+2014 (decimal 8212)
   defining Unicode char U+2018 (decimal 8216)
   defining Unicode char U+2019 (decimal 8217)
   defining Unicode char U+201C (decimal 8220)
   defining Unicode char U+201D (decimal 8221)
)
Now handling font encoding OMS ...
... processing UTF-8 mapping file for font encodingOMS

(/usr/local/texlive/2008/texmf-dist/tex/latex/base/omsenc.dfu
File: omsenc.dfu 2006/03/30 v1.1i UTF-8 support for inputenc
   defining Unicode char U+00A7 (decimal 167)
   defining Unicode char U+00B6 (decimal 182)
   defining Unicode char U+00B7 (decimal 183)
   defining Unicode char U+2020 (decimal 8224)
   defining Unicode char U+2021 (decimal 8225)
   defining Unicode char U+2022 (decimal 8226)
)
Now handling font encoding OMX ...
... no UTF-8 mapping file for font encoding OMX
Now handling font encoding U ...
... no UTF-8 mapping file for font encoding U
Now handling font encoding PD1 ...
... no UTF-8 mapping file for font encoding PD1
   defining Unicode char U+00A9 (decimal 169)
   defining Unicode char U+00AA (decimal 170)
   defining Unicode char U+00AE (decimal 174)
   defining Unicode char U+00BA (decimal 186)
   defining Unicode char U+02C6 (decimal 710)
   defining Unicode char U+02DC (decimal 732)
   defining Unicode char U+200C (decimal 8204)
   defining Unicode char U+2026 (decimal 8230)
   defining Unicode char U+2122 (decimal 8482)
   defining Unicode char U+2423 (decimal 9251)
))
(/usr/local/texlive/2008/texmf-dist/tex/latex/graphics/graphicx.sty
Package: graphicx 1999/02/16 v1.0f Enhanced LaTeX Graphics (DPC,SPQR)

(/usr/local/texlive/2008/texmf-dist/tex/latex/graphics/graphics.sty
Package: graphics 2006/02/20 v1.0o Standard LaTeX Graphics (DPC,SPQR)

(/usr/local/texlive/2008/texmf-dist/tex/latex/graphics/trig.sty
Package: trig 1999/03/16 v1.09 sin cos tan (DPC)
)
(/usr/local/texlive/2008/texmf/tex/latex/config/graphics.cfg
File: graphics.cfg 2007/01/18 v1.5 graphics configuration of teTeX/TeXLive
)
Package graphics Info: Driver file: pdftex.def on input line 90.

(/usr/local/texlive/2008/texmf-dist/tex/latex/pdftex-def/pdftex.def
File: pdftex.def 2008/07/16 v0.04k Graphics/color for pdfTeX
\Gread@gobject=\count95
))
\Gin@req@height=\dimen106
\Gin@req@width=\dimen107
)
(/usr/local/texlive/2008/texmf-dist/tex/latex/geometry/geometry.sty
Package: geometry 2002/07/08 v3.2 Page Geometry
\Gm@cnth=\count96
\Gm@cntv=\count97
\c@Gm@tempcnt=\count98
\Gm@bindingoffset=\dimen108
\Gm@wd@mp=\dimen109
\Gm@odd@mp=\dimen110
\Gm@even@mp=\dimen111
\Gm@dimlist=\toks18

(/usr/local/texlive/2008/texmf-dist/tex/xelatex/xetexconfig/geometry.cfg))
(/usr/local/texlive/2008/texmf-dist/tex/latex/base/latexsym.sty
Package: latexsym 1998/08/17 v2.2e Standard LaTeX package (lasy symbols)
\symlasy=\mathgroup4
LaTeX Font Info:    Overwriting symbol font `lasy' in version `bold'
(Font)                  U/lasy/m/n --> U/lasy/b/n on input line 47.
)
(/usr/local/texlive/2008/texmf-dist/tex/latex/amsmath/amsmath.sty
Package: amsmath 2000/07/18 v2.13 AMS math features
\@mathmargin=\skip52

For additional information on amsmath, use the `?' option.
(/usr/local/texlive/2008/texmf-dist/tex/latex/amsmath/amstext.sty
Package: amstext 2000/06/29 v2.01

(/usr/local/texlive/2008/texmf-dist/tex/latex/amsmath/amsgen.sty
File: amsgen.sty 1999/11/30 v2.0
\@emptytoks=\toks19
\ex@=\dimen112
))
(/usr/local/texlive/2008/texmf-dist/tex/latex/amsmath/amsbsy.sty
Package: amsbsy 1999/11/29 v1.2d
\pmbraise@=\dimen113
)
(/usr/local/texlive/2008/texmf-dist/tex/latex/amsmath/amsopn.sty
Package: amsopn 1999/12/14 v2.01 operator names
)
\inf@bad=\count99
LaTeX Info: Redefining \frac on input line 211.
\uproot@=\count100
\leftroot@=\count101
LaTeX Info: Redefining \overline on input line 307.
\classnum@=\count102
\DOTSCASE@=\count103
LaTeX Info: Redefining \ldots on input line 379.
LaTeX Info: Redefining \dots on input line 382.
LaTeX Info: Redefining \cdots on input line 467.
\Mathstrutbox@=\box26
\strutbox@=\box27
\big@size=\dimen114
LaTeX Font Info:    Redeclaring font encoding OML on input line 567.
LaTeX Font Info:    Redeclaring font encoding OMS on input line 568.
\macc@depth=\count104
\c@MaxMatrixCols=\count105
\dotsspace@=\muskip11
\c@parentequation=\count106
\dspbrk@lvl=\count107
\tag@help=\toks20
\row@=\count108
\column@=\count109
\maxfields@=\count110
\andhelp@=\toks21
\eqnshift@=\dimen115
\alignsep@=\dimen116
\tagshift@=\dimen117
\tagwidth@=\dimen118
\totwidth@=\dimen119
\lineht@=\dimen120
\@envbody=\toks22
\multlinegap=\skip53
\multlinetaggap=\skip54
\mathdisplay@stack=\toks23
LaTeX Info: Redefining \[ on input line 2666.
LaTeX Info: Redefining \] on input line 2667.
)
(/usr/local/texlive/2008/texmf-dist/tex/latex/amscls/amsthm.sty
Package: amsthm 2004/08/06 v2.20
\thm@style=\toks24
\thm@bodyfont=\toks25
\thm@headfont=\toks26
\thm@notefont=\toks27
\thm@headpunct=\toks28
\thm@preskip=\skip55
\thm@postskip=\skip56
\thm@headsep=\skip57
\dth@everypar=\toks29
)
(/usr/local/texlive/2008/texmf-dist/tex/latex/amsfonts/amssymb.sty
Package: amssymb 2002/01/22 v2.2d

(/usr/local/texlive/2008/texmf-dist/tex/latex/amsfonts/amsfonts.sty
Package: amsfonts 2001/10/25 v2.2f
\symAMSa=\mathgroup5
\symAMSb=\mathgroup6
LaTeX Font Info:    Overwriting math alphabet `\mathfrak' in version `bold'
(Font)                  U/euf/m/n --> U/euf/b/n on input line 132.
)))
(/usr/local/texlive/2008/texmf-dist/tex/latex/rotating/rotating.sty
Package: rotating 2008/06/06 v2.15b rotated objects in LaTeX

(/usr/local/texlive/2008/texmf-dist/tex/latex/base/ifthen.sty
Package: ifthen 2001/05/26 v1.1c Standard LaTeX ifthen package (DPC)
)
\c@r@tfl@t=\count111
\rotFPtop=\skip58
\rotFPbot=\skip59
\rot@float@box=\box28
\rot@mess@toks=\toks30
)
\c@inputDef=\count112

(./[Kiwi-MGC]piano_prove.aux

LaTeX Warning: Label `table:passfailCriteriaGanttGeneration' multiply defined.

)
\openout1 = `[Kiwi-MGC]piano_prove.aux'.

LaTeX Font Info:    Checking defaults for OML/cmm/m/it on input line 18.
LaTeX Font Info:    ... okay on input line 18.
LaTeX Font Info:    Checking defaults for T1/cmr/m/n on input line 18.
LaTeX Font Info:    ... okay on input line 18.
LaTeX Font Info:    Checking defaults for OT1/cmr/m/n on input line 18.
LaTeX Font Info:    ... okay on input line 18.
LaTeX Font Info:    Checking defaults for OMS/cmsy/m/n on input line 18.
LaTeX Font Info:    ... okay on input line 18.
LaTeX Font Info:    Checking defaults for OMX/cmex/m/n on input line 18.
LaTeX Font Info:    ... okay on input line 18.
LaTeX Font Info:    Checking defaults for U/cmr/m/n on input line 18.
LaTeX Font Info:    ... okay on input line 18.
LaTeX Font Info:    Checking defaults for PD1/pdf/m/n on input line 18.
LaTeX Font Info:    ... okay on input line 18.
LaTeX Font Info:    Try loading font information for OT1+bch on input line 18.
 (/usr/local/texlive/2008/texmf-dist/tex/latex/psnfss/ot1bch.fd
File: ot1bch.fd 2004/10/18 font definitions for OT1/bch.
)
Package hyperref Info: Link coloring OFF on input line 18.

(/usr/local/texlive/2008/texmf-dist/tex/latex/hyperref/nameref.sty
Package: nameref 2007/05/29 v2.31 Cross-referencing by name of section

(/usr/local/texlive/2008/texmf-dist/tex/latex/oberdiek/refcount.sty
Package: refcount 2008/08/11 v3.1 Data extraction from references (HO)
)
\c@section@level=\count113
)
LaTeX Info: Redefining \ref on input line 18.
LaTeX Info: Redefining \pageref on input line 18.

(./[Kiwi-MGC]piano_prove.out) (./[Kiwi-MGC]piano_prove.out)
\@outlinefile=\write3
\openout3 = `[Kiwi-MGC]piano_prove.out'.

\AtBeginShipoutBox=\box29

(/usr/local/texlive/2008/texmf-dist/tex/context/base/supp-pdf.tex
[Loading MPS to PDF converter (version 2006.09.02).]
\scratchcounter=\count114
\scratchdimen=\dimen121
\scratchbox=\box30
\nofMPsegments=\count115
\nofMParguments=\count116
\everyMPshowfont=\toks31
\MPscratchCnt=\count117
\MPscratchDim=\dimen122
\MPnumerator=\count118
\everyMPtoPDFconversion=\toks32
)
-------------------- Geometry parameters
paper: a4paper
landscape: --
twocolumn: --
twoside: --
asymmetric: --
h-parts: 56.9055pt, 483.69687pt, 56.9055pt
v-parts: 101.40665pt, 0.7\paperheight , 152.11pt (default)
hmarginratio: --
vmarginratio: 2:3
lines: --
heightrounded: --
bindingoffset: 0.0pt
truedimen: --
includehead: --
includefoot: --
includemp: --
driver: pdftex
-------------------- Page layout dimensions and switches
\paperwidth  597.50787pt
\paperheight 845.04684pt
\textwidth  483.69687pt
\textheight 591.5302pt
\oddsidemargin  -15.36449pt
\evensidemargin -15.36449pt
\topmargin  -7.86334pt
\headheight 12.0pt
\headsep    25.0pt
\footskip   30.0pt
\marginparwidth 35.0pt
\marginparsep   10.0pt
\columnsep  10.0pt
\skip\footins  10.8pt plus 4.0pt minus 2.0pt
\hoffset 0.0pt
\voffset 0.0pt
\mag 1000

(1in=72.27pt, 1cm=28.45pt)
-----------------------
LaTeX Font Info:    Try loading font information for U+lasy on input line 21.
 (/usr/local/texlive/2008/texmf-dist/tex/latex/base/ulasy.fd
File: ulasy.fd 1998/08/17 v2.2e LaTeX symbol font definitions
)
LaTeX Font Info:    Try loading font information for U+msa on input line 21.

(/usr/local/texlive/2008/texmf-dist/tex/latex/amsfonts/umsa.fd
File: umsa.fd 2002/01/19 v2.2g AMS font definitions
)
LaTeX Font Info:    Try loading font information for U+msb on input line 21.

(/usr/local/texlive/2008/texmf-dist/tex/latex/amsfonts/umsb.fd
File: umsb.fd 2002/01/19 v2.2g AMS font definitions
)
<../images/logokiwi.png, id=227, 196.735pt x 76.285pt>
File: ../images/logokiwi.png Graphic file (type png)

<use ../images/logokiwi.png> [1

{/usr/local/texlive/2008/texmf-var/fonts/map/pdftex/updmap/pdftex.map} <../imag
es/logokiwi.png>]

Package Fancyhdr Warning: \headheight is too small (12.0pt): 
 Make it at least 14.49998pt.
 We now make it that large for the rest of the document.
 This may cause the page layout to be inconsistent, however.

pdfTeX warning (ext4): destination with the same identifier (name{page.1}) has 
been already used, duplicate ignored
<to be read again> 
                   \relax 
l.67 \tableofcontents
                      [1] (./[Kiwi-MGC]piano_prove.toc [2

])
\tf@toc=\write4
\openout4 = `[Kiwi-MGC]piano_prove.toc'.

 [3] [4

]
Chapter 1.
(./master_plan/[Kiwi-MGC]master_plan.tex
Underfull \hbox (badness 10000) in paragraph at lines 3--18

 []


Underfull \hbox (badness 10000) in paragraph at lines 3--18

 []


Underfull \hbox (badness 10000) in paragraph at lines 3--18

 []

[5

]
Overfull \hbox (13.39026pt too wide) in paragraph at lines 56--64
\OT1/bch/m/n/12 tazioni di $\OML/cmm/m/it/12 b$\OT1/bch/m/n/12 . Nella nos-tra 
catena ab-bi-amo che il risul-tato atom-ico (non com-posto) dell'esecuzione
 []

LaTeX Font Info:    Try loading font information for OMS+bch on input line 68.
(/usr/local/texlive/2008/texmf-dist/tex/latex/psnfss/omsbch.fd
File: omsbch.fd 
)
LaTeX Font Info:    Font shape `OMS/bch/m/n' in size <12> not available
(Font)              Font shape `OMS/cmsy/m/n' tried instead on input line 68.

Overfull \hbox (0.46283pt too wide) in paragraph at lines 68--71
[]\OT1/bch/m/n/12 la classe \OT1/bch/m/it/12 Chart-Gen-er-a-tor \OT1/bch/m/n/12
 e le sue spe-cial-iz-zazioni, pacch etto \OT1/bch/m/it/12 Chart\OT1/bch/m/n/12
 , def-i-nite nella sezione
 []

[6]
Underfull \hbox (badness 10000) in paragraph at lines 111--119

 []

[7]
Underfull \hbox (badness 10000) in paragraph at lines 130--146

 []


Underfull \hbox (badness 10000) in paragraph at lines 130--146

 []

[8]
Underfull \hbox (badness 10000) in paragraph at lines 200--213

 []

[9]
Underfull \hbox (badness 10000) in paragraph at lines 221--229

 []


Underfull \hbox (badness 10000) in paragraph at lines 238--247

 []


Underfull \hbox (badness 10000) in paragraph at lines 238--247

 []


Underfull \hbox (badness 10000) in paragraph at lines 248--256

 []


Underfull \hbox (badness 10000) in paragraph at lines 248--256

 []

[10]
Underfull \hbox (badness 10000) in paragraph at lines 313--321

 []

[11]) [12] [13

]
Chapter 2.
(./desing_spec/[Kiwi-MGC]desingSpec_generateChart.tex
<desing_spec/GenerateChart.png, id=371, 598.235pt x 177.66376pt>
File: desing_spec/GenerateChart.png Graphic file (type png)

<use desing_spec/GenerateChart.png> [14

 <./desing_spec/GenerateChart.png>])
[15] [16

] (./case_spec/[Kiwi-MGC]caseSpec_generateGantt.tex
Chapter 3.
[17

] [18]
Overfull \hbox (22.82231pt too wide) in paragraph at lines 98--101
[]\OT1/bch/m/n/12 valorizzazione della user op-tion \OT1/bch/m/it/12 Show-TaskN
ame\OT1/bch/m/n/12 , per per-me-t-tere all'utente mostrare
 []


Underfull \hbox (badness 1043) in paragraph at lines 139--145
[]\OT1/bch/m/n/12 costruzione delle tes-tata con-te-nente le in-for-
 []


Underfull \hbox (badness 1708) in paragraph at lines 139--145
\OT1/bch/m/n/12 che vengano mostrati i campi rel-a-ti-va-mente
 []


Underfull \hbox (badness 2005) in paragraph at lines 139--145
\OT1/bch/m/n/12 alla grana scelta (vedere re-lazione de-scritta
 []


LaTeX Warning: Float too large for page by 58.68967pt on input line 175.

) (./case_spec/[Kiwi-MGC]caseSpec_generateWBS.tex

LaTeX Warning: `!h' float specifier changed to `!ht'.

[19] [20]
Chapter 4.
[21

]
Overfull \hbox (11.12843pt too wide) in paragraph at lines 46--50
\OT1/bch/m/it/12 BarOp-tion, Ac-tu-al-DataOp-tion, Alert-MarkUserOp-tion, Re-so
urces-De-tail-sOp-tion, TaskNameOp-
 []


Underfull \hbox (badness 3219) in paragraph at lines 107--110
[]\OT1/bch/m/n/12 l'ordine con cui ven-gono mostrati i campi
 []


Underfull \hbox (badness 5446) in paragraph at lines 107--110
\OT1/bch/m/n/12 non es-iste una sua definizione nel doc-u-
 []

) (./case_spec/[Kiwi-MGC]caseSpec_generateTaskNetwork.tex [22] [23]
Chapter 5.
[24

]
Overfull \hbox (12.98285pt too wide) in paragraph at lines 42--46
[]\OT1/bch/m/n/12 almeno 10 task di-visi in (i seguenti sono tutti da in-ten-de
rsi come foglie dell'esplosione
 []


Overfull \hbox (10.78993pt too wide) in paragraph at lines 58--62
\OT1/bch/m/it/12 CompleteDiagraUserOption, Show-TimeGa-pUserOp-tion \OT1/bch/m/
n/12 e i prece-denti in-put ven-gono ripetuti
 []


Underfull \hbox (badness 1377) in paragraph at lines 103--110
[]\OT1/bch/m/n/12 la po-sizione dei task che non hanno dipen-denze
 []


Underfull \hbox (badness 3623) in paragraph at lines 103--110
\OT1/bch/m/it/12 tion\OT1/bch/m/n/12 , as-so-cian-doli alla \OT1/bch/m/it/12 st
art/end mile-stone\OT1/bch/m/n/12 ), pos-
 []


Underfull \hbox (badness 1596) in paragraph at lines 103--110
\OT1/bch/m/n/12 sono es-sere pi-az-zati seguendo l'euristica pro-posta
 []


Underfull \hbox (badness 4429) in paragraph at lines 127--127
[]\OT1/bch/m/n/12 Table 5.1: []La colonna \OT1/bch/m/it/12 cri-teri \OT1/bch/m/
n/12 si riferisce alla rap-p-re-sen-tazione grafica prodotta
 []


LaTeX Warning: Float too large for page by 8.63165pt on input line 129.

)

LaTeX Warning: `!h' float specifier changed to `!ht'.

[25] [26] [27

] (./transmittal_report/[Kiwi-MGC]transmittal_report.tex
Chapter 6.

Underfull \hbox (badness 10000) in paragraph at lines 3--12

 []

) [28

]
Chapter 7.
(./test_logs/[Kiwi-MGC]log_wbsTaskRepresentation.tex
<tests/TEST_WBS/4.1/4.1_1/Esempio_1/input.png, id=478, 946.28531pt x 451.6875pt
>
File: tests/TEST_WBS/4.1/4.1_1/Esempio_1/input.png Graphic file (type png)
 <use tests/TEST_WBS/4.1/4.1_1/Esempio_1/input.png>

LaTeX Warning: `!h' float specifier changed to `!ht'.


<tests/TEST_WBS/4.1/4.1_1/Esempio_1/input_actual.png, id=479, 952.30782pt x 422
.32782pt>
File: tests/TEST_WBS/4.1/4.1_1/Esempio_1/input_actual.png Graphic file (type pn
g)
 <use tests/TEST_WBS/4.1/4.1_1/Esempio_1/input_actual.png>

LaTeX Warning: `!h' float specifier changed to `!ht'.

[29

]
<tests/TEST_WBS/4.1/4.1_1/Esempio_1/environment.png, id=486, 912.7701pt x 126.4
725pt>
File: tests/TEST_WBS/4.1/4.1_1/Esempio_1/environment.png Graphic file (type png
)
 <use tests/TEST_WBS/4.1/4.1_1/Esempio_1/environment.png>

LaTeX Warning: Reference `SEC:WBSTASKREPRESENTATION' on page 30 undefined on in
put line 21.

[30 <./tests/TEST_WBS/4.1/4.1_1/Esempio_1/input.png> <./tests/TEST_WBS/4.1/4.1_
1/Esempio_1/input_actual.png>]
<tests/TEST_WBS/4.1/4.1_1/Esempio_1/output.png, id=493, 940.26282pt x 317.68687
pt>
File: tests/TEST_WBS/4.1/4.1_1/Esempio_1/output.png Graphic file (type png)
 <use tests/TEST_WBS/4.1/4.1_1/Esempio_1/output.png>

LaTeX Warning: Reference `SEC:WBSTASKREPRESENTATION' on page 31 undefined on in
put line 27.

[31 <./tests/TEST_WBS/4.1/4.1_1/Esempio_1/environment.png> <./tests/TEST_WBS/4.
1/4.1_1/Esempio_1/output.png (PNG copy)>]
<tests/TEST_WBS/4.1/4.1_1/Esempio_2/input.png, id=499, 1263.72125pt x 527.9725p
t>
File: tests/TEST_WBS/4.1/4.1_1/Esempio_2/input.png Graphic file (type png)
 <use tests/TEST_WBS/4.1/4.1_1/Esempio_2/input.png>
<tests/TEST_WBS/4.1/4.1_1/Esempio_2/input_actual.png, id=500, 1263.72125pt x 55
0.055pt>
File: tests/TEST_WBS/4.1/4.1_1/Esempio_2/input_actual.png Graphic file (type pn
g)
 <use tests/TEST_WBS/4.1/4.1_1/Esempio_2/input_actual.png>

LaTeX Warning: Reference `SEC:WBSTASKREPRESENTATION' on page 32 undefined on in
put line 35.

[32 <./tests/TEST_WBS/4.1/4.1_1/Esempio_2/input.png (PNG copy)> <./tests/TEST_W
BS/4.1/4.1_1/Esempio_2/input_actual.png (PNG copy)>]
<tests/TEST_WBS/4.1/4.1_1/Esempio_2/environment.png, id=509, 948.54375pt x 79.0
4532pt>
File: tests/TEST_WBS/4.1/4.1_1/Esempio_2/environment.png Graphic file (type png
)
 <use tests/TEST_WBS/4.1/4.1_1/Esempio_2/environment.png>
<tests/TEST_WBS/4.1/4.1_1/Esempio_2/output.png, id=510, 941.01563pt x 181.42781
pt>
File: tests/TEST_WBS/4.1/4.1_1/Esempio_2/output.png Graphic file (type png)
 <use tests/TEST_WBS/4.1/4.1_1/Esempio_2/output.png>
<tests/TEST_WBS/4.1/4.1_1/Esempio_3/input.png, id=511, 949.29657pt x 377.15906p
t>
File: tests/TEST_WBS/4.1/4.1_1/Esempio_3/input.png Graphic file (type png)
 <use tests/TEST_WBS/4.1/4.1_1/Esempio_3/input.png>
<tests/TEST_WBS/4.1/4.1_1/Esempio_3/input_actual.png, id=512, 949.29657pt x 386
.19281pt>
File: tests/TEST_WBS/4.1/4.1_1/Esempio_3/input_actual.png Graphic file (type pn
g)
 <use tests/TEST_WBS/4.1/4.1_1/Esempio_3/input_actual.png>
<tests/TEST_WBS/4.1/4.1_1/Esempio_3/environment.png, id=513, 947.03813pt x 72.2
7pt>
File: tests/TEST_WBS/4.1/4.1_1/Esempio_3/environment.png Graphic file (type png
)
 <use tests/TEST_WBS/4.1/4.1_1/Esempio_3/environment.png>
<tests/TEST_WBS/4.1/4.1_1/Esempio_3/output.png, id=514, 938.75719pt x 191.21437
pt>
File: tests/TEST_WBS/4.1/4.1_1/Esempio_3/output.png Graphic file (type png)
 <use tests/TEST_WBS/4.1/4.1_1/Esempio_3/output.png>
<tests/TEST_WBS/4.1/4.1_2/Esempio_1/input.png, id=515, 948.54375pt x 437.38406p
t>
File: tests/TEST_WBS/4.1/4.1_2/Esempio_1/input.png Graphic file (type png)
 <use tests/TEST_WBS/4.1/4.1_2/Esempio_1/input.png>

LaTeX Warning: File `tests/TEST_WBS/4.1/4.1_2/Esempio_1/input_actual.png' not f
ound on input line 73.


./test_logs/[Kiwi-MGC]log_wbsTaskRepresentation.tex:73: Package graphics Error:
 File `tests/TEST_WBS/4.1/4.1_2/Esempio_1/input_actual.png' not found.

See the graphics package documentation for explanation.
Type  H <return>  for immediate help.
 ...                                              
                                                  
l.73 ..._WBS/4.1/4.1_2/Esempio_1/input_actual.png}
                                                  
Using draft setting for this image.
Try typing  <return>  to proceed.
If that doesn't work, type  X <return>  to quit.


LaTeX Warning: Float too large for page by 116.33647pt on input line 74.


<tests/TEST_WBS/4.1/4.1_2/Esempio_1/environment.png, id=516, 946.28531pt x 72.2
7pt>
File: tests/TEST_WBS/4.1/4.1_2/Esempio_1/environment.png Graphic file (type png
)
 <use tests/TEST_WBS/4.1/4.1_2/Esempio_1/environment.png>
<tests/TEST_WBS/4.1/4.1_2/Esempio_1/output.png, id=517, 939.51pt x 283.81032pt>
File: tests/TEST_WBS/4.1/4.1_2/Esempio_1/output.png Graphic file (type png)
<use tests/TEST_WBS/4.1/4.1_2/Esempio_1/output.png>
<tests/TEST_WBS/4.1/4.1_2/Esempio_2/input.png, id=518, 948.54375pt x 437.38406p
t>
File: tests/TEST_WBS/4.1/4.1_2/Esempio_2/input.png Graphic file (type png)
 <use tests/TEST_WBS/4.1/4.1_2/Esempio_2/input.png>

LaTeX Warning: File `tests/TEST_WBS/4.1/4.1_2/Esempio_2/input_actual.png' not f
ound on input line 91.


./test_logs/[Kiwi-MGC]log_wbsTaskRepresentation.tex:91: Package graphics Error:
 File `tests/TEST_WBS/4.1/4.1_2/Esempio_2/input_actual.png' not found.

See the graphics package documentation for explanation.
Type  H <return>  for immediate help.
 ...                                              
                                                  
l.91 ..._WBS/4.1/4.1_2/Esempio_2/input_actual.png}
                                                  
Using draft setting for this image.
Try typing  <return>  to proceed.
If that doesn't work, type  X <return>  to quit.


LaTeX Warning: Float too large for page by 116.33647pt on input line 92.


<tests/TEST_WBS/4.1/4.1_2/Esempio_2/environment.png, id=519, 945.5325pt x 79.79
813pt>
File: tests/TEST_WBS/4.1/4.1_2/Esempio_2/environment.png Graphic file (type png
)
 <use tests/TEST_WBS/4.1/4.1_2/Esempio_2/environment.png>
<tests/TEST_WBS/4.1/4.1_2/Esempio_2/output.png, id=520, 945.5325pt x 351.56343p
t>
File: tests/TEST_WBS/4.1/4.1_2/Esempio_2/output.png Graphic file (type png)
 <use tests/TEST_WBS/4.1/4.1_2/Esempio_2/output.png>

LaTeX Warning: Reference `SEC:WBSTASKREPRESENTATION' on page 33 undefined on in
put line 102.

[33 <./tests/TEST_WBS/4.1/4.1_1/Esempio_2/environment.png (PNG copy)> <./tests/
TEST_WBS/4.1/4.1_1/Esempio_2/output.png (PNG copy)>]

LaTeX Warning: Reference `SEC:WBSTASKREPRESENTATION' on page 34 undefined on in
put line 102.

[34 <./tests/TEST_WBS/4.1/4.1_1/Esempio_3/input.png (PNG copy)> <./tests/TEST_W
BS/4.1/4.1_1/Esempio_3/input_actual.png (PNG copy)> <./tests/TEST_WBS/4.1/4.1_1
/Esempio_3/environment.png (PNG copy)> <./tests/TEST_WBS/4.1/4.1_1/Esempio_3/ou
tput.png (PNG copy)>]

LaTeX Warning: Reference `SEC:WBSTASKREPRESENTATION' on page 35 undefined on in
put line 102.

[35 <./tests/TEST_WBS/4.1/4.1_2/Esempio_1/input.png (PNG copy)>]
<tests/TEST_WBS/4.1/4.1_3/Esempio_1/input.png, id=553, 948.54375pt x 391.4625pt
>
File: tests/TEST_WBS/4.1/4.1_3/Esempio_1/input.png Graphic file (type png)
 <use tests/TEST_WBS/4.1/4.1_3/Esempio_1/input.png>

LaTeX Warning: File `tests/TEST_WBS/4.1/4.1_3/Esempio_1/input_actual.png' not f
ound on input line 112.


./test_logs/[Kiwi-MGC]log_wbsTaskRepresentation.tex:112: Package graphics Error
: File `tests/TEST_WBS/4.1/4.1_3/Esempio_1/input_actual.png' not found.

See the graphics package documentation for explanation.
Type  H <return>  for immediate help.
 ...                                              
                                                  
l.112 ...WBS/4.1/4.1_3/Esempio_1/input_actual.png}
                                                  
Using draft setting for this image.
Try typing  <return>  to proceed.
If that doesn't work, type  X <return>  to quit.


LaTeX Warning: Float too large for page by 92.91959pt on input line 113.


<tests/TEST_WBS/4.1/4.1_3/Esempio_1/environment.png, id=554, 947.03813pt x 75.2
8125pt>
File: tests/TEST_WBS/4.1/4.1_3/Esempio_1/environment.png Graphic file (type png
)
 <use tests/TEST_WBS/4.1/4.1_3/Esempio_1/environment.png>
<tests/TEST_WBS/4.1/4.1_3/Esempio_1/output.png, id=555, 943.27406pt x 298.86656
pt>
File: tests/TEST_WBS/4.1/4.1_3/Esempio_1/output.png Graphic file (type png)
 <use tests/TEST_WBS/4.1/4.1_3/Esempio_1/output.png>
<tests/TEST_WBS/4.1/4.1_3/Esempio_2/input.png, id=556, 948.54375pt x 391.4625pt
>
File: tests/TEST_WBS/4.1/4.1_3/Esempio_2/input.png Graphic file (type png)
 <use tests/TEST_WBS/4.1/4.1_3/Esempio_2/input.png>

LaTeX Warning: File `tests/TEST_WBS/4.1/4.1_3/Esempio_2/input_actual.png' not f
ound on input line 130.


./test_logs/[Kiwi-MGC]log_wbsTaskRepresentation.tex:130: Package graphics Error
: File `tests/TEST_WBS/4.1/4.1_3/Esempio_2/input_actual.png' not found.

See the graphics package documentation for explanation.
Type  H <return>  for immediate help.
 ...                                              
                                                  
l.130 ...WBS/4.1/4.1_3/Esempio_2/input_actual.png}
                                                  
Using draft setting for this image.
Try typing  <return>  to proceed.
If that doesn't work, type  X <return>  to quit.


LaTeX Warning: Float too large for page by 92.91959pt on input line 131.


<tests/TEST_WBS/4.1/4.1_3/Esempio_2/environment.png, id=557, 947.03813pt x 72.2
7pt>
File: tests/TEST_WBS/4.1/4.1_3/Esempio_2/environment.png Graphic file (type png
)
 <use tests/TEST_WBS/4.1/4.1_3/Esempio_2/environment.png>
<tests/TEST_WBS/4.1/4.1_3/Esempio_2/output.png, id=558, 945.5325pt x 165.61874p
t>
File: tests/TEST_WBS/4.1/4.1_3/Esempio_2/output.png Graphic file (type png)
 <use tests/TEST_WBS/4.1/4.1_3/Esempio_2/output.png>

LaTeX Warning: Reference `SEC:WBSTASKREPRESENTATION' on page 36 undefined on in
put line 147.

[36 <./tests/TEST_WBS/4.1/4.1_2/Esempio_1/environment.png (PNG copy)> <./tests/
TEST_WBS/4.1/4.1_2/Esempio_1/output.png (PNG copy)>]

LaTeX Warning: Reference `SEC:WBSTASKREPRESENTATION' on page 37 undefined on in
put line 147.

[37 <./tests/TEST_WBS/4.1/4.1_2/Esempio_2/input.png (PNG copy)>]
<tests/TEST_WBS/4.1/4.1_4_5/Esempio_1/input.png, id=581, 1263.72125pt x 574.145
pt>
File: tests/TEST_WBS/4.1/4.1_4_5/Esempio_1/input.png Graphic file (type png)
 <use tests/TEST_WBS/4.1/4.1_4_5/Esempio_1/input.png>

LaTeX Warning: File `tests/TEST_WBS/4.1/4.1_4_5/Esempio_1/input_actual.png' not
 found on input line 151.


./test_logs/[Kiwi-MGC]log_wbsTaskRepresentation.tex:151: Package graphics Error
: File `tests/TEST_WBS/4.1/4.1_4_5/Esempio_1/input_actual.png' not found.

See the graphics package documentation for explanation.
Type  H <return>  for immediate help.
 ...                                              
                                                  
l.151 ...S/4.1/4.1_4_5/Esempio_1/input_actual.png}
                                                  
Using draft setting for this image.
Try typing  <return>  to proceed.
If that doesn't work, type  X <return>  to quit.


LaTeX Warning: Float too large for page by 113.05457pt on input line 152.


<tests/TEST_WBS/4.1/4.1_4_5/Esempio_1/environment.png, id=582, 943.27406pt x 64
.74188pt>
File: tests/TEST_WBS/4.1/4.1_4_5/Esempio_1/environment.png Graphic file (type p
ng)
 <use tests/TEST_WBS/4.1/4.1_4_5/Esempio_1/environment.png>
<tests/TEST_WBS/4.1/4.1_4_5/Esempio_1/output.png, id=583, 742.775pt x 967.615pt
>
File: tests/TEST_WBS/4.1/4.1_4_5/Esempio_1/output.png Graphic file (type png)
 <use tests/TEST_WBS/4.1/4.1_4_5/Esempio_1/output.png>

LaTeX Warning: Float too large for page by 38.59328pt on input line 162.


<tests/TEST_WBS/4.1/4.1_4_5/Esempio_2/input.png, id=584, 1262.7175pt x 494.8487
5pt>
File: tests/TEST_WBS/4.1/4.1_4_5/Esempio_2/input.png Graphic file (type png)
 <use tests/TEST_WBS/4.1/4.1_4_5/Esempio_2/input.png>

LaTeX Warning: File `tests/TEST_WBS/4.1/4.1_4_5/Esempio_2/input_actual.png' not
 found on input line 169.


./test_logs/[Kiwi-MGC]log_wbsTaskRepresentation.tex:169: Package graphics Error
: File `tests/TEST_WBS/4.1/4.1_4_5/Esempio_2/input_actual.png' not found.

See the graphics package documentation for explanation.
Type  H <return>  for immediate help.
 ...                                              
                                                  
l.169 ...S/4.1/4.1_4_5/Esempio_2/input_actual.png}
                                                  
Using draft setting for this image.
Try typing  <return>  to proceed.
If that doesn't work, type  X <return>  to quit.


LaTeX Warning: Float too large for page by 82.85489pt on input line 170.


<tests/TEST_WBS/4.1/4.1_4_5/Esempio_2/environment.png, id=585, 947.03813pt x 75
.28125pt>
File: tests/TEST_WBS/4.1/4.1_4_5/Esempio_2/environment.png Graphic file (type p
ng)
 <use tests/TEST_WBS/4.1/4.1_4_5/Esempio_2/environment.png>
<tests/TEST_WBS/4.1/4.1_4_5/Esempio_2/output.png, id=586, 1252.68pt x 351.3125p
t>
File: tests/TEST_WBS/4.1/4.1_4_5/Esempio_2/output.png Graphic file (type png)
 <use tests/TEST_WBS/4.1/4.1_4_5/Esempio_2/output.png>)
(./summary_report/[Kiwi-MGC]summary_report.tex

LaTeX Warning: Reference `SEC:WBSTASKREPRESENTATION' on page 38 undefined on in
put line 1.

[38 <./tests/TEST_WBS/4.1/4.1_2/Esempio_2/environment.png (PNG copy)> <./tests/
TEST_WBS/4.1/4.1_2/Esempio_2/output.png (PNG copy)>]

LaTeX Warning: Reference `SEC:WBSTASKREPRESENTATION' on page 39 undefined on in
put line 1.

[39 <./tests/TEST_WBS/4.1/4.1_3/Esempio_1/input.png (PNG copy)>]

LaTeX Warning: Reference `SEC:WBSTASKREPRESENTATION' on page 40 undefined on in
put line 1.

[40 <./tests/TEST_WBS/4.1/4.1_3/Esempio_1/environment.png (PNG copy)> <./tests/
TEST_WBS/4.1/4.1_3/Esempio_1/output.png (PNG copy)>]

LaTeX Warning: Reference `SEC:WBSTASKREPRESENTATION' on page 41 undefined on in
put line 1.

[41 <./tests/TEST_WBS/4.1/4.1_3/Esempio_2/input.png (PNG copy)>]

LaTeX Warning: Reference `SEC:WBSTASKREPRESENTATION' on page 42 undefined on in
put line 1.

[42 <./tests/TEST_WBS/4.1/4.1_3/Esempio_2/environment.png (PNG copy)> <./tests/
TEST_WBS/4.1/4.1_3/Esempio_2/output.png (PNG copy)>]

LaTeX Warning: Reference `SEC:WBSTASKREPRESENTATION' on page 43 undefined on in
put line 1.

[43 <./tests/TEST_WBS/4.1/4.1_4_5/Esempio_1/input.png (PNG copy)>]

LaTeX Warning: Reference `SEC:WBSTASKREPRESENTATION' on page 44 undefined on in
put line 1.

[44 <./tests/TEST_WBS/4.1/4.1_4_5/Esempio_1/environment.png (PNG copy)>]

LaTeX Warning: Reference `SEC:WBSTASKREPRESENTATION' on page 45 undefined on in
put line 1.

[45 <./tests/TEST_WBS/4.1/4.1_4_5/Esempio_1/output.png (PNG copy)>]

LaTeX Warning: Reference `SEC:WBSTASKREPRESENTATION' on page 46 undefined on in
put line 1.

[46 <./tests/TEST_WBS/4.1/4.1_4_5/Esempio_2/input.png (PNG copy)>]

LaTeX Warning: Reference `SEC:WBSTASKREPRESENTATION' on page 47 undefined on in
put line 1.

[47 <./tests/TEST_WBS/4.1/4.1_4_5/Esempio_2/environment.png (PNG copy)> <./test
s/TEST_WBS/4.1/4.1_4_5/Esempio_2/output.png (PNG copy)>]
Chapter 8.
[48

])

LaTeX Warning: Reference `CHAP:GENERATETASKNETWORK' on page 49 undefined on inp
ut line 106.

[49] (./[Kiwi-MGC]piano_prove.aux)

LaTeX Warning: There were undefined references.


LaTeX Warning: There were multiply-defined labels.

 ) 
Here is how much of TeX's memory you used:
 6291 strings out of 493886
 93305 string characters out of 1151099
 154513 words of memory out of 3000000
 9218 multiletter control sequences out of 10000+50000
 35380 words of font info for 80 fonts, out of 3000000 for 5000
 714 hyphenation exceptions out of 8191
 38i,11n,43p,312b,422s stack positions out of 5000i,500n,10000p,200000b,50000s
{/usr/local/texlive/2008/texmf-dist/fonts/enc/dvips/base/8r.enc}</usr/local/t
exlive/2008/texmf-dist/fonts/type1/bitstrea/charter/bchb8a.pfb></usr/local/texl
ive/2008/texmf-dist/fonts/type1/bitstrea/charter/bchr8a.pfb></usr/local/texlive
/2008/texmf-dist/fonts/type1/bitstrea/charter/bchr8a.pfb></usr/local/texlive/20
08/texmf-dist/fonts/type1/bitstrea/charter/bchri8a.pfb></usr/local/texlive/2008
/texmf-dist/fonts/type1/bluesky/cm/cmmi12.pfb></usr/local/texlive/2008/texmf-di
st/fonts/type1/bluesky/cm/cmmi8.pfb></usr/local/texlive/2008/texmf-dist/fonts/t
ype1/bluesky/cm/cmr12.pfb></usr/local/texlive/2008/texmf-dist/fonts/type1/blues
ky/cm/cmsy10.pfb></usr/local/texlive/2008/texmf-dist/fonts/type1/bluesky/cm/cmt
t12.pfb></usr/local/texlive/2008/texmf-dist/fonts/type1/bluesky/ams/msam10.pfb>

Output written on [Kiwi-MGC]piano_prove.pdf (50 pages, 881650 bytes).
PDF statistics:
 748 PDF objects out of 1000 (max. 8388607)
 157 named destinations out of 1000 (max. 131072)
 617 words of extra memory for PDF output out of 10000 (max. 10000000)

